<?xml version="1.0" encoding="UTF-8"?>
<testsuite name="Acceder al portal web de banitsmo y abrir el archivo de pdf de tarifas de cuentas de deposito" tests="1" skipped="0" failures="1" errors="0" timestamp="2020-05-27T16:47:57" hostname="DESKTOP-JTMS4GF" time="6.134">
  <properties/>
  <testcase name="El usuario accede al portal web de banitsmo e ingresa a la opcion del menu inferior tarifario para abrir el pdf" classname="Acceder al portal web de banitsmo y abrir el archivo de pdf de tarifas de cuentas de deposito" time="6.134">
    <failure message="org.openqa.selenium.SessionNotCreatedException: session not created: This version of ChromeDriver only supports Chrome version 83&#10;Build info: version: '3.11.0', revision: 'e59cfb3', time: '2018-03-11T20:26:55.152Z'&#10;System info: host: 'DESKTOP-JTMS4GF', ip: '192.168.42.163', os.name: 'Windows 10', os.arch: 'amd64', os.version: '10.0', java.version: '1.8.0_251'&#10;Driver info: driver.version: CustomDriver&#10;remote stacktrace: Backtrace:&#10;&#9;Ordinal0 [0x00769563+2725219]&#10;&#9;Ordinal0 [0x00668551+1672529]&#10;&#9;Ordinal0 [0x00550359+525145]&#10;&#9;Ordinal0 [0x004E0B77+68471]&#10;&#9;Ordinal0 [0x004DD32C+54060]&#10;&#9;Ordinal0 [0x004FCC37+183351]&#10;&#9;Ordinal0 [0x004FCA3D+182845]&#10;&#9;Ordinal0 [0x004FA94B+174411]&#10;&#9;Ordinal0 [0x004E2528+75048]&#10;&#9;Ordinal0 [0x004E35A0+79264]&#10;&#9;Ordinal0 [0x004E3539+79161]&#10;&#9;Ordinal0 [0x0067D607+1758727]&#10;&#9;GetHandleVerifier [0x00886546+1050150]&#10;&#9;GetHandleVerifier [0x00886291+1049457]&#10;&#9;GetHandleVerifier [0x008910D7+1094071]&#10;&#9;GetHandleVerifier [0x00886B46+1051686]&#10;&#9;Ordinal0 [0x00675B06+1727238]&#10;&#9;Ordinal0 [0x0067EB7B+1764219]&#10;&#9;Ordinal0 [0x0067ECE3+1764579]&#10;&#9;Ordinal0 [0x00694C05+1854469]&#10;&#9;BaseThreadInitThunk [0x77146359+25]&#10;&#9;RtlGetAppContainerNamedObjectPath [0x77A87C24+228]&#10;&#9;RtlGetAppContainerNamedObjectPath [0x77A87BF4+180]&#10;" type="org.openqa.selenium.SessionNotCreatedException">org.openqa.selenium.SessionNotCreatedException: session not created: This version of ChromeDriver only supports Chrome version 83
Build info: version: '3.11.0', revision: 'e59cfb3', time: '2018-03-11T20:26:55.152Z'
System info: host: 'DESKTOP-JTMS4GF', ip: '192.168.42.163', os.name: 'Windows 10', os.arch: 'amd64', os.version: '10.0', java.version: '1.8.0_251'
Driver info: driver.version: CustomDriver
remote stacktrace: Backtrace:
	Ordinal0 [0x00769563+2725219]
	Ordinal0 [0x00668551+1672529]
	Ordinal0 [0x00550359+525145]
	Ordinal0 [0x004E0B77+68471]
	Ordinal0 [0x004DD32C+54060]
	Ordinal0 [0x004FCC37+183351]
	Ordinal0 [0x004FCA3D+182845]
	Ordinal0 [0x004FA94B+174411]
	Ordinal0 [0x004E2528+75048]
	Ordinal0 [0x004E35A0+79264]
	Ordinal0 [0x004E3539+79161]
	Ordinal0 [0x0067D607+1758727]
	GetHandleVerifier [0x00886546+1050150]
	GetHandleVerifier [0x00886291+1049457]
	GetHandleVerifier [0x008910D7+1094071]
	GetHandleVerifier [0x00886B46+1051686]
	Ordinal0 [0x00675B06+1727238]
	Ordinal0 [0x0067EB7B+1764219]
	Ordinal0 [0x0067ECE3+1764579]
	Ordinal0 [0x00694C05+1854469]
	BaseThreadInitThunk [0x77146359+25]
	RtlGetAppContainerNamedObjectPath [0x77A87C24+228]
	RtlGetAppContainerNamedObjectPath [0x77A87BF4+180]

	at sun.reflect.NativeConstructorAccessorImpl.newInstance0(Native Method)
	at sun.reflect.NativeConstructorAccessorImpl.newInstance(NativeConstructorAccessorImpl.java:62)
	at sun.reflect.DelegatingConstructorAccessorImpl.newInstance(DelegatingConstructorAccessorImpl.java:45)
	at java.lang.reflect.Constructor.newInstance(Constructor.java:423)
	at org.openqa.selenium.remote.W3CHandshakeResponse.lambda$new$0(W3CHandshakeResponse.java:57)
	at org.openqa.selenium.remote.W3CHandshakeResponse.lambda$getResponseFunction$2(W3CHandshakeResponse.java:104)
	at org.openqa.selenium.remote.ProtocolHandshake.lambda$createSession$0(ProtocolHandshake.java:123)
	at java.util.stream.ReferencePipeline$3$1.accept(ReferencePipeline.java:193)
	at java.util.Spliterators$ArraySpliterator.tryAdvance(Spliterators.java:958)
	at java.util.stream.ReferencePipeline.forEachWithCancel(ReferencePipeline.java:126)
	at java.util.stream.AbstractPipeline.copyIntoWithCancel(AbstractPipeline.java:499)
	at java.util.stream.AbstractPipeline.copyInto(AbstractPipeline.java:486)
	at java.util.stream.AbstractPipeline.wrapAndCopyInto(AbstractPipeline.java:472)
	at java.util.stream.FindOps$FindOp.evaluateSequential(FindOps.java:152)
	at java.util.stream.AbstractPipeline.evaluate(AbstractPipeline.java:234)
	at java.util.stream.ReferencePipeline.findFirst(ReferencePipeline.java:464)
	at org.openqa.selenium.remote.ProtocolHandshake.createSession(ProtocolHandshake.java:126)
	at org.openqa.selenium.remote.ProtocolHandshake.createSession(ProtocolHandshake.java:73)
	at org.openqa.selenium.remote.HttpCommandExecutor.execute(HttpCommandExecutor.java:136)
	at org.openqa.selenium.remote.service.DriverCommandExecutor.execute(DriverCommandExecutor.java:83)
	at org.openqa.selenium.remote.RemoteWebDriver.execute(RemoteWebDriver.java:545)
	at org.openqa.selenium.remote.RemoteWebDriver.startSession(RemoteWebDriver.java:209)
	at org.openqa.selenium.remote.RemoteWebDriver.&lt;init&gt;(RemoteWebDriver.java:132)
	at org.openqa.selenium.chrome.ChromeDriver.&lt;init&gt;(ChromeDriver.java:181)
	at org.openqa.selenium.chrome.ChromeDriver.&lt;init&gt;(ChromeDriver.java:168)
	at org.openqa.selenium.chrome.ChromeDriver.&lt;init&gt;(ChromeDriver.java:157)
	at co.com.sophos.certification.challenge.util.driver.CustomDriver.&lt;init&gt;(CustomDriver.java:26)
	at co.com.sophos.certification.challenge.util.driver.CustomDriver.chromeDriver(CustomDriver.java:31)
	at co.com.sophos.certification.challenge.stepdefinitions.BanistmoAbrirPdfStepdefinitions.setUpStage(BanistmoAbrirPdfStepdefinitions.java:26)
	at sun.reflect.NativeMethodAccessorImpl.invoke0(Native Method)
	at sun.reflect.NativeMethodAccessorImpl.invoke(NativeMethodAccessorImpl.java:62)
	at sun.reflect.DelegatingMethodAccessorImpl.invoke(DelegatingMethodAccessorImpl.java:43)
	at java.lang.reflect.Method.invoke(Method.java:498)
	at cucumber.runtime.Utils$1.call(Utils.java:32)
	at cucumber.runtime.Timeout.timeout(Timeout.java:16)
	at cucumber.runtime.Utils.invoke(Utils.java:26)
	at cucumber.runtime.java.JavaHookDefinition.execute(JavaHookDefinition.java:60)
	at cucumber.runtime.HookDefinitionMatch.runStep(HookDefinitionMatch.java:17)
	at cucumber.runner.UnskipableStep.executeStep(UnskipableStep.java:22)
	at cucumber.api.TestStep.run(TestStep.java:83)
	at cucumber.api.TestCase.run(TestCase.java:58)
	at cucumber.runner.Runner.runPickle(Runner.java:80)
	at cucumber.runtime.junit.PickleRunners$NoStepDescriptions.run(PickleRunners.java:140)
	at cucumber.runtime.junit.FeatureRunner.runChild(FeatureRunner.java:68)
	at cucumber.runtime.junit.FeatureRunner.runChild(FeatureRunner.java:23)
	at org.junit.runners.ParentRunner$3.run(ParentRunner.java:290)
	at org.junit.runners.ParentRunner$1.schedule(ParentRunner.java:71)
	at org.junit.runners.ParentRunner.runChildren(ParentRunner.java:288)
	at org.junit.runners.ParentRunner.access$000(ParentRunner.java:58)
	at org.junit.runners.ParentRunner$2.evaluate(ParentRunner.java:268)
	at org.junit.runners.ParentRunner.run(ParentRunner.java:363)
	at cucumber.runtime.junit.FeatureRunner.run(FeatureRunner.java:73)
	at cucumber.api.junit.Cucumber.runChild(Cucumber.java:117)
	at cucumber.api.junit.Cucumber.runChild(Cucumber.java:55)
	at org.junit.runners.ParentRunner$3.run(ParentRunner.java:290)
	at org.junit.runners.ParentRunner$1.schedule(ParentRunner.java:71)
	at org.junit.runners.ParentRunner.runChildren(ParentRunner.java:288)
	at org.junit.runners.ParentRunner.access$000(ParentRunner.java:58)
	at org.junit.runners.ParentRunner$2.evaluate(ParentRunner.java:268)
	at cucumber.api.junit.Cucumber$1.evaluate(Cucumber.java:126)
	at org.junit.runners.ParentRunner.run(ParentRunner.java:363)
	at org.gradle.api.internal.tasks.testing.junit.JUnitTestClassExecutor.runTestClass(JUnitTestClassExecutor.java:110)
	at org.gradle.api.internal.tasks.testing.junit.JUnitTestClassExecutor.execute(JUnitTestClassExecutor.java:58)
	at org.gradle.api.internal.tasks.testing.junit.JUnitTestClassExecutor.execute(JUnitTestClassExecutor.java:38)
	at org.gradle.api.internal.tasks.testing.junit.AbstractJUnitTestClassProcessor.processTestClass(AbstractJUnitTestClassProcessor.java:66)
	at org.gradle.api.internal.tasks.testing.SuiteTestClassProcessor.processTestClass(SuiteTestClassProcessor.java:51)
	at sun.reflect.NativeMethodAccessorImpl.invoke0(Native Method)
	at sun.reflect.NativeMethodAccessorImpl.invoke(NativeMethodAccessorImpl.java:62)
	at sun.reflect.DelegatingMethodAccessorImpl.invoke(DelegatingMethodAccessorImpl.java:43)
	at java.lang.reflect.Method.invoke(Method.java:498)
	at org.gradle.internal.dispatch.ReflectionDispatch.dispatch(ReflectionDispatch.java:35)
	at org.gradle.internal.dispatch.ReflectionDispatch.dispatch(ReflectionDispatch.java:24)
	at org.gradle.internal.dispatch.ContextClassLoaderDispatch.dispatch(ContextClassLoaderDispatch.java:32)
	at org.gradle.internal.dispatch.ProxyDispatchAdapter$DispatchingInvocationHandler.invoke(ProxyDispatchAdapter.java:93)
	at com.sun.proxy.$Proxy2.processTestClass(Unknown Source)
	at org.gradle.api.internal.tasks.testing.worker.TestWorker.processTestClass(TestWorker.java:118)
	at sun.reflect.NativeMethodAccessorImpl.invoke0(Native Method)
	at sun.reflect.NativeMethodAccessorImpl.invoke(NativeMethodAccessorImpl.java:62)
	at sun.reflect.DelegatingMethodAccessorImpl.invoke(DelegatingMethodAccessorImpl.java:43)
	at java.lang.reflect.Method.invoke(Method.java:498)
	at org.gradle.internal.dispatch.ReflectionDispatch.dispatch(ReflectionDispatch.java:35)
	at org.gradle.internal.dispatch.ReflectionDispatch.dispatch(ReflectionDispatch.java:24)
	at org.gradle.internal.remote.internal.hub.MessageHubBackedObjectConnection$DispatchWrapper.dispatch(MessageHubBackedObjectConnection.java:175)
	at org.gradle.internal.remote.internal.hub.MessageHubBackedObjectConnection$DispatchWrapper.dispatch(MessageHubBackedObjectConnection.java:157)
	at org.gradle.internal.remote.internal.hub.MessageHub$Handler.run(MessageHub.java:404)
	at org.gradle.internal.concurrent.ExecutorPolicy$CatchAndRecordFailures.onExecute(ExecutorPolicy.java:63)
	at org.gradle.internal.concurrent.ManagedExecutorImpl$1.run(ManagedExecutorImpl.java:46)
	at java.util.concurrent.ThreadPoolExecutor.runWorker(ThreadPoolExecutor.java:1149)
	at java.util.concurrent.ThreadPoolExecutor$Worker.run(ThreadPoolExecutor.java:624)
	at org.gradle.internal.concurrent.ThreadFactoryImpl$ManagedThreadRunnable.run(ThreadFactoryImpl.java:55)
	at java.lang.Thread.run(Thread.java:748)
</failure>
  </testcase>
  <system-out><![CDATA[]]></system-out>
  <system-err><![CDATA[Starting ChromeDriver 83.0.4103.39 (ccbf011cb2d2b19b506d844400483861342c20cd-refs/branch-heads/4103@{#416}) on port 15387
Only local connections are allowed.
Please see https://chromedriver.chromium.org/security-considerations for suggestions on keeping ChromeDriver safe.
ChromeDriver was started successfully.
[Test worker] INFO net.serenitybdd.core.Serenity - STARTING STEP Given El usuario ingresa a la pagina de banitsmo
| 1 | Tarifario | Tarifas de Cuentas de Depósitos | https://www.banistmo.com/wps/wcm/aldata@./src/test/resources/co/com/sophos/certification/reto/data/banconnect/aae1f540-6e90-4974-a27b-b8867a5fd2c9/S56_ActualizacionTarifarioDepositos_Dic2019+%281%29+%282%29.pdf?MOD=AJPERES&CVID=n8g171g |
[Test worker] INFO net.serenitybdd.core.Serenity - ?[33mIGNORING STEP?[0m
[Test worker] INFO net.serenitybdd.core.Serenity - STARTING STEP When Ingresa al menu inferior en la opcion tarifario
[Test worker] INFO net.serenitybdd.core.Serenity - ?[33mIGNORING STEP?[0m
[Test worker] INFO net.serenitybdd.core.Serenity - STARTING STEP And seleccona la opcion para abrir el pdf de tarifas de cuentas deposito
[Test worker] INFO net.serenitybdd.core.Serenity - ?[33mIGNORING STEP?[0m
[Test worker] INFO net.serenitybdd.core.Serenity - STARTING STEP Then Revisara que el archivo pdf se encuentre abierto con el nombre de este archivo
[Test worker] INFO net.serenitybdd.core.Serenity - ?[33mIGNORING STEP?[0m
[Test worker] INFO net.serenitybdd.core.Serenity - ?[91mSTEP ERROR: org.openqa.selenium.SessionNotCreatedException: session not created: This version of ChromeDriver only supports Chrome version 83
Build info: version: '3.11.0', revision: 'e59cfb3', time: '2018-03-11T20:26:55.152Z'
System info: host: 'DESKTOP-JTMS4GF', ip: '192.168.42.163', os.name: 'Windows 10', os.arch: 'amd64', os.version: '10.0', java.version: '1.8.0_251'
Driver info: driver.version: CustomDriver
remote stacktrace: Backtrace:
	Ordinal0 [0x00769563+2725219]
	Ordinal0 [0x00668551+1672529]
	Ordinal0 [0x00550359+525145]
	Ordinal0 [0x004E0B77+68471]
	Ordinal0 [0x004DD32C+54060]
	Ordinal0 [0x004FCC37+183351]
	Ordinal0 [0x004FCA3D+182845]
	Ordinal0 [0x004FA94B+174411]
	Ordinal0 [0x004E2528+75048]
	Ordinal0 [0x004E35A0+79264]
	Ordinal0 [0x004E3539+79161]
	Ordinal0 [0x0067D607+1758727]
	GetHandleVerifier [0x00886546+1050150]
	GetHandleVerifier [0x00886291+1049457]
	GetHandleVerifier [0x008910D7+1094071]
	GetHandleVerifier [0x00886B46+1051686]
	Ordinal0 [0x00675B06+1727238]
	Ordinal0 [0x0067EB7B+1764219]
	Ordinal0 [0x0067ECE3+1764579]
	Ordinal0 [0x00694C05+1854469]
	BaseThreadInitThunk [0x77146359+25]
	RtlGetAppContainerNamedObjectPath [0x77A87C24+228]
	RtlGetAppContainerNamedObjectPath [0x77A87BF4+180]

Build info: version: '3.11.0', revision: 'e59cfb3', time: '2018-03-11T20:26:55.152Z'
System info: host: 'DESKTOP-JTMS4GF', ip: '192.168.42.163', os.name: 'Windows 10', os.arch: 'amd64', os.version: '10.0', java.version: '1.8.0_251'
Driver info: driver.version: CustomDriver?[0m
[Test worker] ERROR net.serenitybdd.core.Serenity - ?[91m
           __  _____ _____ ____ _____   _____ _    ___ _     _____ ____  
  _       / / |_   _| ____/ ___|_   _| |  ___/ \  |_ _| |   | ____|  _ \ 
 (_)_____| |    | | |  _| \___ \ | |   | |_ / _ \  | || |   |  _| | | | |
  _|_____| |    | | | |___ ___) || |   |  _/ ___ \ | || |___| |___| |_| |
 (_)     | |    |_| |_____|____/ |_|   |_|/_/   \_\___|_____|_____|____/ 
          \_\                                                            

TEST FAILED WITH ERROR: El usuario accede al portal web de banitsmo e ingresa a la opcion del menu inferior tarifario para abrir el pdf
---------------------------------------------------------------------?[0m
[Test worker] ERROR net.serenitybdd.core.Serenity - ?[91mTEST FAILED AT STEP El usuario accede al portal web de banitsmo e ingresa a la opcion del menu inferior tarifario para abrir el pdf #1: {id=1, menu=Tarifario, documento=Tarifas de Cuentas de Depósitos, ruta=https://www.banistmo.com/wps/wcm/aldata@./src/test/resources/co/com/sophos/certification/reto/data/banconnect/aae1f540-6e90-4974-a27b-b8867a5fd2c9/S56_ActualizacionTarifarioDepositos_Dic2019+%281%29+%282%29.pdf?MOD=AJPERES&CVID=n8g171g}?[0m
[Test worker] ERROR net.serenitybdd.core.Serenity - session not created: This version of ChromeDriver only supports Chrome version 83
]]></system-err>
</testsuite>
